14:18:40 use sayhello;
14:18:40 set names utf8;
14:18:40 select * from configs
14:18:40 select * from configs
14:18:42 use sayhello;
14:18:42 set names utf8;
14:18:42 select * from configs
14:18:42 select * from configs
14:29:49 use ppiao_5u;
14:29:49 set names utf8;
14:29:49 select * from configs
14:30:02 use ppiao_5u;
14:30:02 set names utf8;
14:30:02 select * from configs
14:30:14 use ppiao_5u;
14:30:14 set names utf8;
14:30:14 select * from configs
14:30:14 use ppiao_5u;
14:30:14 set names utf8;
14:30:14 select * from configs
14:30:14 use ppiao_5u;
14:30:14 set names utf8;
14:30:14 select * from configs
14:30:14 use ppiao_5u;
14:30:14 set names utf8;
14:30:14 select * from configs
14:30:14 use ppiao_5u;
14:30:14 set names utf8;
14:30:14 select * from configs
14:30:15 use ppiao_5u;
14:30:15 set names utf8;
14:30:15 select * from configs
14:30:15 use ppiao_5u;
14:30:15 set names utf8;
14:30:15 select * from configs
14:30:15 use ppiao_5u;
14:30:15 set names utf8;
14:30:15 select * from configs
14:30:15 use ppiao_5u;
14:30:15 set names utf8;
14:30:15 select * from configs
14:30:15 use ppiao_5u;
14:30:15 set names utf8;
14:30:15 select * from configs
14:30:16 use ppiao_5u;
14:30:16 set names utf8;
14:30:16 select * from configs
14:30:16 use ppiao_5u;
14:30:16 set names utf8;
14:30:16 select * from configs
14:30:16 use ppiao_5u;
14:30:16 set names utf8;
14:30:16 select * from configs
14:30:16 use ppiao_5u;
14:30:16 set names utf8;
14:30:16 select * from configs
14:30:16 use ppiao_5u;
14:30:16 set names utf8;
14:30:16 select * from configs
14:30:16 use ppiao_5u;
14:30:16 set names utf8;
14:30:16 select * from configs
14:30:16 use ppiao_5u;
14:30:16 set names utf8;
14:30:16 select * from configs
14:30:16 use ppiao_5u;
14:30:16 set names utf8;
14:30:16 select * from configs
14:30:16 use ppiao_5u;
14:30:16 set names utf8;
14:30:16 select * from configs
14:30:16 use ppiao_5u;
14:30:16 set names utf8;
14:30:16 select * from configs
14:30:16 use ppiao_5u;
14:30:16 set names utf8;
14:30:16 select * from configs
14:30:16 use ppiao_5u;
14:30:16 set names utf8;
14:30:16 select * from configs
14:30:16 use ppiao_5u;
14:30:16 set names utf8;
14:30:16 select * from configs
14:30:16 use ppiao_5u;
14:30:16 set names utf8;
14:30:16 select * from configs
14:30:27 use ppiao_5u;
14:30:27 set names utf8;
14:30:27 select * from configs
14:30:28 use ppiao_5u;
14:30:28 set names utf8;
14:30:28 select * from configs
14:30:28 use ppiao_5u;
14:30:28 set names utf8;
14:30:28 select * from configs
14:30:28 use ppiao_5u;
14:30:28 set names utf8;
14:30:28 select * from configs
14:30:28 use ppiao_5u;
14:30:28 set names utf8;
14:30:28 select * from configs
14:30:40 use ppiao_5u;
14:30:40 set names utf8;
14:30:40 select * from configs
14:30:41 use ppiao_5u;
14:30:41 set names utf8;
14:30:41 select * from configs
14:30:41 use ppiao_5u;
14:30:41 set names utf8;
14:30:41 select * from configs
14:30:41 use ppiao_5u;
14:30:41 set names utf8;
14:30:41 select * from configs
14:30:56 use ppiao_5u;
14:30:56 set names utf8;
14:30:56 select * from configs
14:30:56 use ppiao_5u;
14:30:56 set names utf8;
14:30:56 select * from configs
14:30:56 use ppiao_5u;
14:30:56 set names utf8;
14:30:56 select * from configs
14:30:56 use ppiao_5u;
14:30:56 set names utf8;
14:30:56 select * from configs
14:30:56 use ppiao_5u;
14:30:56 set names utf8;
14:30:56 select * from configs
14:30:57 use ppiao_5u;
14:30:57 set names utf8;
14:30:57 select * from configs
14:31:01 use ppiao_5u;
14:31:01 set names utf8;
14:31:01 select * from configs
14:31:01 use ppiao_5u;
14:31:01 set names utf8;
14:31:01 select * from configs
14:31:02 use ppiao_5u;
14:31:02 set names utf8;
14:31:02 select * from configs
14:31:02 use ppiao_5u;
14:31:02 set names utf8;
14:31:02 select * from configs
14:31:02 use ppiao_5u;
14:31:02 set names utf8;
14:31:02 select * from configs
14:31:02 use ppiao_5u;
14:31:02 set names utf8;
14:31:02 select * from configs
14:31:02 use ppiao_5u;
14:31:02 set names utf8;
14:31:02 select * from configs
14:31:03 use ppiao_5u;
14:31:03 set names utf8;
14:31:03 select * from configs
14:31:03 use ppiao_5u;
14:31:03 set names utf8;
14:31:03 select * from configs
14:31:03 use ppiao_5u;
14:31:03 set names utf8;
14:31:03 select * from configs
14:31:03 use ppiao_5u;
14:31:03 set names utf8;
14:31:03 select * from configs
14:31:03 use ppiao_5u;
14:31:03 set names utf8;
14:31:03 select * from configs
14:31:03 use ppiao_5u;
14:31:03 set names utf8;
14:31:03 select * from configs
14:31:03 use ppiao_5u;
14:31:03 set names utf8;
14:31:03 select * from configs
14:31:03 use ppiao_5u;
14:31:03 set names utf8;
14:31:03 select * from configs
14:31:31 use ppiao_5u;
14:31:31 set names utf8;
14:31:32 select goods_thumb from ecs_goods
14:33:59 use ppiao_5u;
14:33:59 set names utf8;
14:33:59 select * from ecs_shop_config
14:33:59 select goods_thumb from ecs_goods
14:50:40 use ppiao_5u;
14:50:40 set names utf8;
14:50:40 select * from mobile_configs
14:50:40 select goods_thumb from ecs_goods
14:50:43 use ppiao_5u;
14:50:43 set names utf8;
14:50:43 select * from mobile_configs
14:50:43 select goods_thumb from ecs_goods
14:52:23 use ppiao_5u;
14:52:23 set names utf8;
14:52:23 select * from mobile_configs
14:52:23 select goods_thumb from ecs_goods
14:52:25 use ppiao_5u;
14:52:25 set names utf8;
14:52:25 select * from mobile_configs
14:52:25 select goods_thumb from ecs_goods
14:58:03 use ppiao_5u;
14:58:03 set names utf8;
14:58:03 select * from mobile_configs
14:58:03 select goods_thumb from ecs_goods
14:59:26 use ppiao_5u;
14:59:26 set names utf8;
14:59:26 select * from mobile_configs
15:01:12 use ppiao_5u;
15:01:12 set names utf8;
15:01:12 select * from mobile_configs
15:01:13 use ppiao_5u;
15:01:13 set names utf8;
15:01:13 select * from mobile_configs
15:03:07 use ppiao_5u;
15:03:07 set names utf8;
15:03:07 select * from mobile_configs
15:25:03 use ppiao_5u;
15:25:03 set names utf8;
15:25:03 select * from mobile_configs
15:25:16 use ppiao_5u;
15:25:16 set names utf8;
15:25:16 select * from mobile_configs
15:28:59 use ppiao_5u;
15:28:59 set names utf8;
15:28:59 select * from mobile_configs
15:28:59 use ppiao_5u;
15:28:59 set names utf8;
15:28:59 select * from mobile_configs
15:28:59 use ppiao_5u;
15:28:59 set names utf8;
15:28:59 select * from mobile_configs
15:30:48 use ppiao_5u;
15:30:48 set names utf8;
15:30:48 select * from mobile_configs
15:30:48 select * from ecs_goods where goods_name like '%%'
15:32:03 use ppiao_5u;
15:32:03 set names utf8;
15:32:03 select * from mobile_configs
15:32:11 use ppiao_5u;
15:32:11 set names utf8;
15:32:11 select * from mobile_configs
15:32:24 use ppiao_5u;
15:32:24 set names utf8;
15:32:24 select * from mobile_configs
15:32:26 use ppiao_5u;
15:32:26 set names utf8;
15:32:26 select * from mobile_configs
15:32:26 select * from ecs_goods where goods_name like '%asasd%'
15:32:36 use ppiao_5u;
15:32:36 set names utf8;
15:32:36 select * from mobile_configs
15:32:44 use ppiao_5u;
15:32:44 set names utf8;
15:32:44 select * from mobile_configs
15:32:44 select * from ecs_goods where goods_name like '%清仓%'
15:54:45 use ppiao_5u;
15:54:45 set names utf8;
15:54:45 select * from mobile_configs
15:54:47 use ppiao_5u;
15:54:47 set names utf8;
15:54:47 select * from mobile_configs
15:54:47 select * from ecs_goods where goods_name like '%清仓%'
15:55:01 use ppiao_5u;
15:55:01 set names utf8;
15:55:01 select * from mobile_configs
15:55:03 use ppiao_5u;
15:55:03 set names utf8;
15:55:03 select * from mobile_configs
15:55:15 use ppiao_5u;
15:55:15 set names utf8;
15:55:15 select * from mobile_configs
15:55:15 select * from ecs_goods where goods_name like '%清仓%'
15:56:05 use ppiao_5u;
15:56:05 set names utf8;
15:56:05 select * from mobile_configs
15:56:05 select * from ecs_goods where goods_name like '%清仓%'
16:24:32 use ppiao_5u;
16:24:32 set names utf8;
16:24:32 select * from mobile_configs
16:24:32 select * from ecs_goods where goods_name like '%清仓%'
16:36:43 use ppiao_5u;
16:36:43 set names utf8;
16:36:43 select * from mobile_configs
16:36:43 select * from ecs_goods where goods_name like '%清仓%'
16:39:48 use ppiao_5u;
16:39:48 set names utf8;
16:39:48 select * from mobile_configs
16:39:48 select * from ecs_goods where goods_name like '%清仓%'
16:39:51 use ppiao_5u;
16:39:51 set names utf8;
16:39:51 select * from mobile_configs
16:39:51 select * from ecs_goods where goods_name like '%%'
16:39:51 use ppiao_5u;
16:39:51 set names utf8;
16:39:51 select * from mobile_configs
16:39:52 use ppiao_5u;
16:39:52 set names utf8;
16:39:52 select * from mobile_configs
16:39:57 use ppiao_5u;
16:39:57 set names utf8;
16:39:57 select * from mobile_configs
16:40:13 use ppiao_5u;
16:40:13 set names utf8;
16:40:13 select * from mobile_configs
16:40:13 select * from ecs_goods where goods_name like '%%'
16:40:14 use ppiao_5u;
16:40:14 set names utf8;
16:40:14 select * from mobile_configs
16:40:15 use ppiao_5u;
16:40:15 set names utf8;
16:40:15 select * from mobile_configs
16:40:17 use ppiao_5u;
16:40:17 set names utf8;
16:40:17 select * from mobile_configs
16:40:17 select * from ecs_goods where goods_name like '%清仓%'
16:40:19 use ppiao_5u;
16:40:19 set names utf8;
16:40:19 select * from mobile_configs
16:40:19 select * from ecs_goods where goods_name like '%%'
16:40:20 use ppiao_5u;
16:40:20 set names utf8;
16:40:20 select * from mobile_configs
16:40:22 use ppiao_5u;
16:40:22 set names utf8;
16:40:22 select * from mobile_configs
16:54:52 use ppiao_5u;
16:54:52 set names utf8;
16:54:52 select * from mobile_configs
16:54:52 select count(goods_id) from ecs_users
16:55:16 use ppiao_5u;
16:55:16 set names utf8;
16:55:16 select * from mobile_configs
16:55:16 select count(goods_id) from ecs_goods where goods_name like '%清仓%'
16:55:36 use ppiao_5u;
16:55:36 set names utf8;
16:55:36 select * from mobile_configs
16:55:36 select count(goods_id) from ecs_goods where goods_name like '%%'
16:55:37 use ppiao_5u;
16:55:37 set names utf8;
16:55:37 select * from mobile_configs
16:55:37 select count(goods_id) from ecs_goods where goods_name like '%清仓%'
16:55:38 use ppiao_5u;
16:55:38 set names utf8;
16:55:38 select * from mobile_configs
16:55:38 select count(goods_id) from ecs_goods where goods_name like '%清仓%'
16:55:39 use ppiao_5u;
16:55:39 set names utf8;
16:55:39 select * from mobile_configs
16:55:42 use ppiao_5u;
16:55:42 set names utf8;
16:55:42 select * from mobile_configs
16:55:50 use ppiao_5u;
16:55:50 set names utf8;
16:55:50 select * from mobile_configs
16:55:50 select count(goods_id) from ecs_goods where goods_name like '%清仓%'
17:30:39 use ppiao_5u;
17:30:39 set names utf8;
17:30:39 select * from mobile_configs
17:30:39 select count(goods_id) from ecs_goods where goods_name like '%清仓%'
17:30:39 select * from ecs_goods where goods_name like '%清仓%' limit 0,20
17:30:46 use ppiao_5u;
17:30:46 set names utf8;
17:30:46 select * from mobile_configs
17:30:46 select count(goods_id) from ecs_goods where goods_name like '%清仓%'
17:30:46 select * from ecs_goods where goods_name like '%清仓%' limit 0,20
17:31:38 use ppiao_5u;
17:31:38 set names utf8;
17:31:38 select * from mobile_configs
17:31:38 select count(goods_id) from ecs_goods where goods_name like '%清仓%'
17:31:38 select * from ecs_goods where goods_name like '%清仓%' limit 0,20
